2025-08-14 21:50:25:INFO:====== WebDriver manager ======
2025-08-14 21:50:25:INFO:Get LATEST chromedriver version for google-chrome
2025-08-14 21:50:25:INFO:Get LATEST chromedriver version for google-chrome
2025-08-14 21:50:25:INFO:There is no [mac64] chromedriver "139.0.7258.68" for browser google-chrome "139.0.7258" in cache
2025-08-14 21:50:25:INFO:Get LATEST chromedriver version for google-chrome
2025-08-14 21:50:25:INFO:WebDriver version 139.0.7258.68 selected
2025-08-14 21:50:25:INFO:Modern chrome version https://storage.googleapis.com/chrome-for-testing-public/139.0.7258.68/mac-arm64/chromedriver-mac-arm64.zip
2025-08-14 21:50:25:INFO:About to download new driver from https://storage.googleapis.com/chrome-for-testing-public/139.0.7258.68/mac-arm64/chromedriver-mac-arm64.zip
2025-08-14 21:50:25:INFO:Driver downloading response is 200
2025-08-14 21:50:26:INFO:Get LATEST chromedriver version for google-chrome
2025-08-14 21:50:26:INFO:Driver has been saved in cache [/Users/vishnusree/.wdm/drivers/chromedriver/mac64/139.0.7258.68]
2025-08-14 21:50:27:INFO:******************valid admin login check***********************
2025-08-14 21:50:30:INFO:test data is passed
2025-08-14 21:52:16:INFO:====== WebDriver manager ======
2025-08-14 21:52:16:INFO:Get LATEST chromedriver version for google-chrome
2025-08-14 21:52:16:INFO:Get LATEST chromedriver version for google-chrome
2025-08-14 21:52:16:INFO:Driver [/Users/vishnusree/.wdm/drivers/chromedriver/mac64/139.0.7258.68/chromedriver-mac-arm64/chromedriver] found in cache
2025-08-14 21:52:17:INFO:******************valid admin login check***********************
2025-08-14 21:52:20:INFO:test data is passed
2025-08-14 21:53:00:INFO:====== WebDriver manager ======
2025-08-14 21:53:01:INFO:Get LATEST chromedriver version for google-chrome
2025-08-14 21:53:01:INFO:Get LATEST chromedriver version for google-chrome
2025-08-14 21:53:01:INFO:Driver [/Users/vishnusree/.wdm/drivers/chromedriver/mac64/139.0.7258.68/chromedriver-mac-arm64/chromedriver] found in cache
2025-08-14 21:53:01:INFO:******************valid admin login check***********************
2025-08-14 21:53:05:INFO:test data is passed
2025-08-14 21:54:12:INFO:====== WebDriver manager ======
2025-08-14 21:54:12:INFO:Get LATEST chromedriver version for google-chrome
2025-08-14 21:54:12:INFO:Get LATEST chromedriver version for google-chrome
2025-08-14 21:54:12:INFO:Driver [/Users/vishnusree/.wdm/drivers/chromedriver/mac64/139.0.7258.68/chromedriver-mac-arm64/chromedriver] found in cache
2025-08-14 21:54:14:INFO:******************valid admin login check***********************
2025-08-14 21:54:17:INFO:test data is passed
2025-08-14 21:56:27:INFO:====== WebDriver manager ======
2025-08-14 21:56:27:INFO:Get LATEST chromedriver version for google-chrome
2025-08-14 21:56:27:INFO:Get LATEST chromedriver version for google-chrome
2025-08-14 21:56:27:INFO:Driver [/Users/vishnusree/.wdm/drivers/chromedriver/mac64/139.0.7258.68/chromedriver-mac-arm64/chromedriver] found in cache
2025-08-14 21:56:28:INFO:******************valid admin login check***********************
2025-08-14 21:56:32:INFO:test data is passed
2025-08-14 21:56:43:INFO:test data is passed
2025-08-14 21:56:43:INFO:Test Admin data is passed
2025-08-18 20:36:21:INFO:====== WebDriver manager ======
2025-08-18 20:36:21:INFO:Get LATEST chromedriver version for google-chrome
2025-08-18 20:36:21:INFO:Get LATEST chromedriver version for google-chrome
2025-08-18 20:36:21:INFO:Get LATEST chromedriver version for google-chrome
2025-08-18 20:36:22:INFO:WebDriver version 139.0.7258.68 selected
2025-08-18 20:36:22:INFO:Modern chrome version https://storage.googleapis.com/chrome-for-testing-public/139.0.7258.68/mac-arm64/chromedriver-mac-arm64.zip
2025-08-18 20:36:22:INFO:About to download new driver from https://storage.googleapis.com/chrome-for-testing-public/139.0.7258.68/mac-arm64/chromedriver-mac-arm64.zip
2025-08-18 20:36:22:INFO:Driver downloading response is 200
2025-08-18 20:36:23:INFO:Get LATEST chromedriver version for google-chrome
2025-08-18 20:36:24:INFO:Driver has been saved in cache [/Users/vishnusree/.wdm/drivers/chromedriver/mac64/139.0.7258.68]
2025-08-18 20:36:57:INFO:====== WebDriver manager ======
2025-08-18 20:36:57:INFO:Get LATEST chromedriver version for google-chrome
2025-08-18 20:36:58:INFO:Get LATEST chromedriver version for google-chrome
2025-08-18 20:36:58:INFO:Driver [/Users/vishnusree/.wdm/drivers/chromedriver/mac64/139.0.7258.68/chromedriver-mac-arm64/chromedriver] found in cache
2025-08-18 20:39:40:INFO:====== WebDriver manager ======
2025-08-18 20:39:40:INFO:Get LATEST chromedriver version for google-chrome
2025-08-18 20:39:40:INFO:Get LATEST chromedriver version for google-chrome
2025-08-18 20:39:40:INFO:Driver [/Users/vishnusree/.wdm/drivers/chromedriver/mac64/139.0.7258.68/chromedriver-mac-arm64/chromedriver] found in cache
2025-08-18 20:39:41:INFO:******************valid admin login check***********************
2025-08-18 20:39:43:INFO:******************Admin login is successful***********************
2025-08-18 20:59:59:INFO:====== WebDriver manager ======
2025-08-18 20:59:59:INFO:Get LATEST chromedriver version for google-chrome
2025-08-18 20:59:59:INFO:Get LATEST chromedriver version for google-chrome
2025-08-18 21:00:00:INFO:Driver [/Users/vishnusree/.wdm/drivers/chromedriver/mac64/139.0.7258.68/chromedriver-mac-arm64/chromedriver] found in cache
2025-08-18 21:00:00:INFO:******************valid admin login check***********************
2025-08-18 21:00:01:INFO:******************Admin login is successful***********************
2025-08-18 21:41:45:INFO:====== WebDriver manager ======
2025-08-18 21:41:45:INFO:Get LATEST chromedriver version for google-chrome
2025-08-18 21:41:45:INFO:Get LATEST chromedriver version for google-chrome
2025-08-18 21:41:45:INFO:Driver [/Users/vishnusree/.wdm/drivers/chromedriver/mac64/139.0.7258.68/chromedriver-mac-arm64/chromedriver] found in cache
2025-08-18 21:41:46:INFO:******************valid admin login check***********************
2025-08-18 21:41:47:INFO:******************Admin login is successful***********************
2025-08-18 21:42:11:INFO:====== WebDriver manager ======
2025-08-18 21:42:11:INFO:Get LATEST chromedriver version for google-chrome
2025-08-18 21:42:11:INFO:Get LATEST chromedriver version for google-chrome
2025-08-18 21:42:11:INFO:Driver [/Users/vishnusree/.wdm/drivers/chromedriver/mac64/139.0.7258.68/chromedriver-mac-arm64/chromedriver] found in cache
2025-08-18 21:42:12:INFO:******************valid admin login check***********************
2025-08-18 21:42:13:INFO:******************Admin login is successful***********************
2025-08-18 21:44:19:INFO:====== WebDriver manager ======
2025-08-18 21:44:19:INFO:Get LATEST chromedriver version for google-chrome
2025-08-18 21:44:20:INFO:Get LATEST chromedriver version for google-chrome
2025-08-18 21:44:20:INFO:Driver [/Users/vishnusree/.wdm/drivers/chromedriver/mac64/139.0.7258.68/chromedriver-mac-arm64/chromedriver] found in cache
2025-08-18 21:44:20:INFO:******************valid admin login check***********************
2025-08-18 21:44:22:INFO:******************Admin login is successful***********************
2025-08-18 21:45:03:INFO:====== WebDriver manager ======
2025-08-18 21:45:03:INFO:Get LATEST chromedriver version for google-chrome
2025-08-18 21:45:03:INFO:Get LATEST chromedriver version for google-chrome
2025-08-18 21:45:03:INFO:Driver [/Users/vishnusree/.wdm/drivers/chromedriver/mac64/139.0.7258.68/chromedriver-mac-arm64/chromedriver] found in cache
2025-08-18 21:45:04:INFO:******************valid admin login check***********************
2025-08-18 21:45:05:INFO:******************Admin login is successful***********************
2025-08-18 21:46:42:INFO:====== WebDriver manager ======
2025-08-18 21:46:42:INFO:Get LATEST chromedriver version for google-chrome
2025-08-18 21:46:42:INFO:Get LATEST chromedriver version for google-chrome
2025-08-18 21:46:42:INFO:Driver [/Users/vishnusree/.wdm/drivers/chromedriver/mac64/139.0.7258.68/chromedriver-mac-arm64/chromedriver] found in cache
2025-08-18 21:46:43:INFO:******************valid admin login check***********************
2025-08-18 21:46:44:INFO:******************Admin login is successful***********************
2025-08-18 21:47:45:INFO:====== WebDriver manager ======
2025-08-18 21:47:45:INFO:Get LATEST chromedriver version for google-chrome
2025-08-18 21:47:45:INFO:Get LATEST chromedriver version for google-chrome
2025-08-18 21:47:45:INFO:Driver [/Users/vishnusree/.wdm/drivers/chromedriver/mac64/139.0.7258.68/chromedriver-mac-arm64/chromedriver] found in cache
2025-08-18 21:47:46:INFO:******************valid admin login check***********************
2025-08-18 21:47:51:INFO:******************Admin login is successful***********************
2025-08-18 21:49:16:INFO:====== WebDriver manager ======
2025-08-18 21:49:16:INFO:Get LATEST chromedriver version for google-chrome
2025-08-18 21:49:16:INFO:Get LATEST chromedriver version for google-chrome
2025-08-18 21:49:16:INFO:Driver [/Users/vishnusree/.wdm/drivers/chromedriver/mac64/139.0.7258.68/chromedriver-mac-arm64/chromedriver] found in cache
2025-08-18 21:49:18:INFO:******************valid admin login check***********************
2025-08-18 21:49:24:INFO:******************Admin login is successful***********************
2025-08-18 21:51:59:INFO:====== WebDriver manager ======
2025-08-18 21:51:59:INFO:Get LATEST chromedriver version for google-chrome
2025-08-18 21:51:59:INFO:Get LATEST chromedriver version for google-chrome
2025-08-18 21:51:59:INFO:Driver [/Users/vishnusree/.wdm/drivers/chromedriver/mac64/139.0.7258.68/chromedriver-mac-arm64/chromedriver] found in cache
2025-08-18 21:52:00:INFO:******************valid admin login check***********************
2025-08-18 21:52:06:INFO:******************Admin login is successful***********************
2025-08-18 21:52:12:INFO:******************order placed successfully***********************
2025-08-18 21:53:25:INFO:====== WebDriver manager ======
2025-08-18 21:53:26:INFO:Get LATEST chromedriver version for google-chrome
2025-08-18 21:53:26:INFO:Get LATEST chromedriver version for google-chrome
2025-08-18 21:53:26:INFO:Driver [/Users/vishnusree/.wdm/drivers/chromedriver/mac64/139.0.7258.68/chromedriver-mac-arm64/chromedriver] found in cache
2025-08-18 21:53:26:INFO:******************valid admin login check***********************
2025-08-18 21:53:32:INFO:******************Admin login is successful***********************
2025-08-18 21:53:38:INFO:******************order placed successfully***********************
2025-08-18 21:59:37:INFO:====== WebDriver manager ======
2025-08-18 21:59:37:INFO:Get LATEST chromedriver version for google-chrome
2025-08-18 21:59:37:INFO:Get LATEST chromedriver version for google-chrome
2025-08-18 21:59:37:INFO:Driver [/Users/vishnusree/.wdm/drivers/chromedriver/mac64/139.0.7258.68/chromedriver-mac-arm64/chromedriver] found in cache
2025-08-18 21:59:38:INFO:******************Test_01_Admin_Login***********************
2025-08-18 21:59:38:INFO:********************Title verification is successful*********************
2025-08-18 21:59:38:INFO:====== WebDriver manager ======
2025-08-18 21:59:38:INFO:Get LATEST chromedriver version for google-chrome
2025-08-18 21:59:38:INFO:Get LATEST chromedriver version for google-chrome
2025-08-18 21:59:38:INFO:Driver [/Users/vishnusree/.wdm/drivers/chromedriver/mac64/139.0.7258.68/chromedriver-mac-arm64/chromedriver] found in cache
2025-08-18 21:59:39:INFO:******************valid admin login check***********************
2025-08-18 21:59:40:INFO:******************Admin login is successful***********************
2025-08-18 21:59:40:INFO:====== WebDriver manager ======
2025-08-18 21:59:40:INFO:Get LATEST chromedriver version for google-chrome
2025-08-18 21:59:40:INFO:Get LATEST chromedriver version for google-chrome
2025-08-18 21:59:40:INFO:Driver [/Users/vishnusree/.wdm/drivers/chromedriver/mac64/139.0.7258.68/chromedriver-mac-arm64/chromedriver] found in cache
2025-08-18 21:59:41:INFO:******************Invalid admin login check***********************
2025-08-18 21:59:41:INFO:******************Invalid login successful***********************
2025-08-18 22:00:54:INFO:====== WebDriver manager ======
2025-08-18 22:00:54:INFO:Get LATEST chromedriver version for google-chrome
2025-08-18 22:00:54:INFO:Get LATEST chromedriver version for google-chrome
2025-08-18 22:00:54:INFO:Driver [/Users/vishnusree/.wdm/drivers/chromedriver/mac64/139.0.7258.68/chromedriver-mac-arm64/chromedriver] found in cache
2025-08-18 22:00:55:INFO:******************Invalid admin login check***********************
2025-08-18 22:00:56:INFO:******************Invalid login successful***********************
2025-08-18 22:00:56:INFO:====== WebDriver manager ======
2025-08-18 22:00:56:INFO:Get LATEST chromedriver version for google-chrome
2025-08-18 22:00:56:INFO:Get LATEST chromedriver version for google-chrome
2025-08-18 22:00:56:INFO:Driver [/Users/vishnusree/.wdm/drivers/chromedriver/mac64/139.0.7258.68/chromedriver-mac-arm64/chromedriver] found in cache
2025-08-18 22:00:57:INFO:******************valid admin login check***********************
2025-08-18 22:01:01:INFO:test data is passed
2025-08-18 22:01:12:INFO:test data is passed
2025-08-18 22:01:12:INFO:Test Admin data is passed
2025-08-18 22:01:12:INFO:====== WebDriver manager ======
2025-08-18 22:01:12:INFO:Get LATEST chromedriver version for google-chrome
2025-08-18 22:01:12:INFO:Get LATEST chromedriver version for google-chrome
2025-08-18 22:01:12:INFO:Driver [/Users/vishnusree/.wdm/drivers/chromedriver/mac64/139.0.7258.68/chromedriver-mac-arm64/chromedriver] found in cache
2025-08-18 22:01:13:INFO:******************valid admin login check***********************
2025-08-18 22:01:19:INFO:******************Admin login is successful***********************
2025-08-18 22:01:24:INFO:******************order placed successfully***********************
